<?xml version="1.0" encoding="UTF-8"?>
<!-- Generated by org.testng.reporters.JUnitXMLReporter -->
<testsuite hostname="user" ignored="6" name="Test" tests="4" failures="0" timestamp="2020-07-02T10:44:58 IST" time="0.11" errors="0">
  <testcase name="add" time="0.012" classname="pkg1.Calculator"/>
  <testcase name="welcome" time="0.013" classname="pkg1.Calculator"/>
  <testcase name="mul" time="0.023" classname="pkg1.Calculator"/>
  <testcase name="sub" time="0.021" classname="pkg1.Calculator"/>
  <testcase name="exp" time="0.0" classname="pkg1.Calculator">
    <ignored/>
  </testcase> <!-- exp -->
  <testcase name="divInt" time="0.0" classname="pkg1.Calculator">
    <ignored/>
  </testcase> <!-- divInt -->
  <testcase name="divReal" time="0.0" classname="pkg1.Calculator">
    <ignored/>
  </testcase> <!-- divReal -->
  <testcase name="negate" time="0.0" classname="pkg1.Calculator">
    <ignored/>
  </testcase> <!-- negate -->
  <testcase name="inverse" time="0.0" classname="pkg1.Calculator">
    <ignored/>
  </testcase> <!-- inverse -->
  <testcase name="mod" time="0.0" classname="pkg1.Calculator">
    <ignored/>
  </testcase> <!-- mod -->
</testsuite> <!-- Test -->
