<?xml version="1.0" encoding="UTF-8"?>
<!-- Generated by org.testng.reporters.JUnitXMLReporter -->
<testsuite hostname="user" ignored="6" name="Test" tests="4" failures="0" timestamp="2020-07-06T10:10:29 IST" time="0.058" errors="0">
  <testcase name="sub" time="0.004" classname="pkg1.Calculator"/>
  <testcase name="add" time="0.004" classname="pkg1.Calculator"/>
  <testcase name="mul" time="0.002" classname="pkg1.Calculator"/>
  <testcase name="welcome" time="0.006" classname="pkg1.Calculator"/>
  <testcase name="exp" time="0.0" classname="pkg1.Calculator">
    <ignored/>
  </testcase> <!-- exp -->
  <testcase name="divInt" time="0.0" classname="pkg1.Calculator">
    <ignored/>
  </testcase> <!-- divInt -->
  <testcase name="divReal" time="0.0" classname="pkg1.Calculator">
    <ignored/>
  </testcase> <!-- divReal -->
  <testcase name="negate" time="0.0" classname="pkg1.Calculator">
    <ignored/>
  </testcase> <!-- negate -->
  <testcase name="inverse" time="0.0" classname="pkg1.Calculator">
    <ignored/>
  </testcase> <!-- inverse -->
  <testcase name="mod" time="0.0" classname="pkg1.Calculator">
    <ignored/>
  </testcase> <!-- mod -->
</testsuite> <!-- Test -->
