<?xml version="1.0" encoding="UTF-8"?>
<testng-results skipped="0" failed="0" ignored="6" total="10" passed="4">
  <reporter-output>
    <line>
      <![CDATA[TestNG_ReportsAndLogs -> This runs once before class]]>
    </line>
    <line>
      <![CDATA[TestNG_ReportsAndLogs -> This runs once after class]]>
    </line>
  </reporter-output>
  <suite name="Suite" duration-ms="58" started-at="2020-07-06T10:10:29 IST" finished-at="2020-07-06T10:10:29 IST">
    <groups>
      <group name="Important">
        <method signature="Calculator.add(int, int, int)[pri:0, instance:pkg1.Calculator@4d95d2a2]" name="add" class="pkg1.Calculator"/>
        <method signature="Calculator.mul(int, int)[pri:0, instance:pkg1.Calculator@4d95d2a2]" name="mul" class="pkg1.Calculator"/>
        <method signature="Calculator.sub(int, int)[pri:0, instance:pkg1.Calculator@4d95d2a2]" name="sub" class="pkg1.Calculator"/>
        <method signature="Calculator.welcome(java.lang.String)[pri:0, instance:pkg1.Calculator@4d95d2a2]" name="welcome" class="pkg1.Calculator"/>
      </group> <!-- Important -->
    </groups>
    <test name="Test" duration-ms="58" started-at="2020-07-06T10:10:29 IST" finished-at="2020-07-06T10:10:29 IST">
      <class name="pkg1.Calculator">
        <test-method status="PASS" signature="intro()[pri:0, instance:pkg1.Calculator@4d95d2a2]" name="intro" is-config="true" duration-ms="10" started-at="2020-07-06T10:10:29 IST" finished-at="2020-07-06T10:10:29 IST">
          <reporter-output>
            <line>
              <![CDATA[TestNG_ReportsAndLogs -> This runs once before class]]>
            </line>
          </reporter-output>
        </test-method> <!-- intro -->
        <test-method status="PASS" signature="mul(int, int)[pri:0, instance:pkg1.Calculator@4d95d2a2]" name="mul" duration-ms="2" started-at="2020-07-06T10:10:29 IST" finished-at="2020-07-06T10:10:29 IST">
          <params>
            <param index="0">
              <value>
                <![CDATA[4]]>
              </value>
            </param>
            <param index="1">
              <value>
                <![CDATA[2]]>
              </value>
            </param>
          </params>
          <reporter-output>
          </reporter-output>
        </test-method> <!-- mul -->
        <test-method status="PASS" signature="welcome(java.lang.String)[pri:0, instance:pkg1.Calculator@4d95d2a2]" name="welcome" duration-ms="6" started-at="2020-07-06T10:10:29 IST" data-provider="inputs" finished-at="2020-07-06T10:10:29 IST">
          <params>
            <param index="0">
              <value>
                <![CDATA[Abi]]>
              </value>
            </param>
          </params>
          <reporter-output>
          </reporter-output>
        </test-method> <!-- welcome -->
        <test-method status="PASS" signature="add(int, int, int)[pri:0, instance:pkg1.Calculator@4d95d2a2]" name="add" duration-ms="4" started-at="2020-07-06T10:10:29 IST" finished-at="2020-07-06T10:10:29 IST">
          <params>
            <param index="0">
              <value>
                <![CDATA[4]]>
              </value>
            </param>
            <param index="1">
              <value>
                <![CDATA[2]]>
              </value>
            </param>
            <param index="2">
              <value>
                <![CDATA[6]]>
              </value>
            </param>
          </params>
          <reporter-output>
          </reporter-output>
        </test-method> <!-- add -->
        <test-method status="PASS" signature="sub(int, int)[pri:0, instance:pkg1.Calculator@4d95d2a2]" name="sub" duration-ms="4" started-at="2020-07-06T10:10:29 IST" finished-at="2020-07-06T10:10:29 IST">
          <params>
            <param index="0">
              <value>
                <![CDATA[4]]>
              </value>
            </param>
            <param index="1">
              <value>
                <![CDATA[2]]>
              </value>
            </param>
          </params>
          <reporter-output>
          </reporter-output>
        </test-method> <!-- sub -->
        <test-method status="PASS" signature="end()[pri:0, instance:pkg1.Calculator@4d95d2a2]" name="end" is-config="true" duration-ms="0" started-at="2020-07-06T10:10:29 IST" finished-at="2020-07-06T10:10:29 IST">
          <reporter-output>
            <line>
              <![CDATA[TestNG_ReportsAndLogs -> This runs once after class]]>
            </line>
          </reporter-output>
        </test-method> <!-- end -->
      </class> <!-- pkg1.Calculator -->
    </test> <!-- Test -->
  </suite> <!-- Suite -->
</testng-results>
